<?xml version="1.0" encoding="UTF-8" ?>
<testsuite tests="63" failures="0" name="demo.DemoTest" time="21.763" errors="4" skipped="2">
  <properties>
[...]
</properties>
  <testcase classname="Scenario: First Test" name="Given url \&apos;http:\/\/api.geonames.org\/citiesJSON?north=44.1&amp;south=-9.9&amp;east=-22.4&amp;west=55.2&amp;lang=de&amp;username=ozzie100\&apos;" time="0.002"/>
  <testcase classname="Scenario: First Test" name="When method get" time="0"/>
  <testcase classname="Scenario: First Test" name="Then status 200" time="0"/>
  <testcase classname="Scenario: First Test" name="* print \&apos;response:\&apos;\u002C response" time="0.002"/>
  <testcase classname="Scenario: First Test" name="Scenario: First Test" time="0.002"/>
  <testcase classname="Scenario: Second Scenario - secure" name="* configure ssl = true" time="0.001"/>
  <testcase classname="Scenario: Second Scenario - secure" name="Given url \&apos;https:\/\/secure.geonames.org\/citiesJSON?north=44.1&amp;south=-9.9&amp;east=-22.4&amp;west=55.2&amp;lang=de&amp;username=ozzie100\&apos;" time="0"/>
  <testcase classname="Scenario: Second Scenario - secure" name="When method get" time="0"/>
  <testcase classname="Scenario: Second Scenario - secure" name="Then status 200" time="0"/>
  <testcase classname="Scenario: Second Scenario - secure" name="* print \&apos;response:\&apos;\u002C response" time="0"/>
  <testcase classname="Scenario: Second Scenario - secure" name="Scenario: Second Scenario - secure" time="0.004"/>
  <testcase classname="Scenario: Third Scenario - Ocean lookup" name="Given url \&apos;http:\/\/api.geonames.org\/oceanJSON\&apos;" time="0"/>
  <testcase classname="Scenario: Third Scenario - Ocean lookup" name="And param lat = 19.8968" time="0"/>
  <testcase classname="Scenario: Third Scenario - Ocean lookup" name="And param lng = 155.5828" time="0"/>
  <testcase classname="Scenario: Third Scenario - Ocean lookup" name="And param username = \&apos;ozzie100\&apos;" time="0"/>
  <testcase classname="Scenario: Third Scenario - Ocean lookup" name="And param lang = \&apos;de\&apos;" time="0"/>
  <testcase classname="Scenario: Third Scenario - Ocean lookup" name="When method get" time="0"/>
  <testcase classname="Scenario: Third Scenario - Ocean lookup" name="Then status 200" time="0"/>
  <testcase classname="Scenario: Third Scenario - Ocean lookup" name="And match response.ocean.name == \&apos;North Pacific Ocean\&apos;" time="0"/>
  <testcase classname="Scenario: Third Scenario - Ocean lookup" name="And assert responseTime &lt; 1000" time="0.005">
    <error message="assert evaluated to false: responseTime &lt; 1000" type="com.intuit.karate.exception.KarateException">com.intuit.karate.exception.KarateException: assert evaluated to false: responseTime &lt; 1000
	at com.intuit.karate.StepDefs.asssertBoolean(StepDefs.java:349)
	at ✽.And assert responseTime &lt; 1000(demo/features/geonames.feature:33)
</error>
    <system-out>15:23:01.109 [main] ERROR com.intuit.karate - assertion failed: assert evaluated to false: responseTime &lt; 1000
</system-out>
  </testcase>
  <testcase classname="Scenario: Third Scenario - Ocean lookup" name="Scenario: Third Scenario - Ocean lookup" time="0.005">
    <error message="assert evaluated to false: responseTime &lt; 1000" type="com.intuit.karate.exception.KarateException">com.intuit.karate.exception.KarateException: assert evaluated to false: responseTime &lt; 1000
	at com.intuit.karate.StepDefs.asssertBoolean(StepDefs.java:349)
	at ✽.And assert responseTime &lt; 1000(demo/features/geonames.feature:33)
</error>
  </testcase>
  <testcase classname="Scenario: Third Scenario - Ocean lookup" name="* print \&apos;response:\&apos;\u002C response" time="0.006">
    <skipped/>
  </testcase>
  <testcase classname="Scenario: Fourth Scenario - POI lookup" name="* def poiSchema = { lng:\&apos;#string\&apos;\u002Cdistance:\&apos;#string\&apos;\u002Cname:\&apos;#string\&apos;\u002CtypeClass:\&apos;#string\&apos;\u002CtypeName:\&apos;#string\&apos;\u002Clat:\&apos;#string\&apos; }" time="0"/>
  <testcase classname="Scenario: Fourth Scenario - POI lookup" name="Given url \&apos;http:\/\/api.geonames.org\/findNearbyPOIsOSMJSON\&apos;" time="0.001"/>
  <testcase classname="Scenario: Fourth Scenario - POI lookup" name="And param lat = 37.451" time="0"/>
  <testcase classname="Scenario: Fourth Scenario - POI lookup" name="And param lng = -122.18" time="0"/>
  <testcase classname="Scenario: Fourth Scenario - POI lookup" name="And param username = \&apos;ozzie100\&apos;" time="0"/>
  <testcase classname="Scenario: Fourth Scenario - POI lookup" name="When method get" time="0"/>
  <testcase classname="Scenario: Fourth Scenario - POI lookup" name="Then status 200" time="0.001"/>
  <testcase classname="Scenario: Fourth Scenario - POI lookup" name="* match response.poi == \&apos;#[]\&apos;" time="0"/>
  <testcase classname="Scenario: Fourth Scenario - POI lookup" name="* match response.poi == \&apos;##[_ &gt; 7]\&apos;" time="0"/>
  <testcase classname="Scenario: Fourth Scenario - POI lookup" name="* match response ==" time="0"/>
  <testcase classname="Scenario: Fourth Scenario - POI lookup" name="* match response.poi[*].name contains [\&apos;Starbucks\&apos;]" time="0"/>
  <testcase classname="Scenario: Fourth Scenario - POI lookup" name="* print \&apos;response:\&apos;\u002C response" time="0"/>
  <testcase classname="Scenario: Fourth Scenario - POI lookup" name="Scenario: Fourth Scenario - POI lookup" time="0"/>
  <testcase classname="Scenario: Fifth Scenario - Weather xml" name="Given url \&apos;http:\/\/api.geonames.org\/weather\&apos;" time="0"/>
  <testcase classname="Scenario: Fifth Scenario - Weather xml" name="And param north = 44.1" time="0.001"/>
  <testcase classname="Scenario: Fifth Scenario - Weather xml" name="And param south = -9.9" time="0"/>
  <testcase classname="Scenario: Fifth Scenario - Weather xml" name="And param east = -22.4" time="0"/>
  <testcase classname="Scenario: Fifth Scenario - Weather xml" name="And param west = 55.2" time="0"/>
  <testcase classname="Scenario: Fifth Scenario - Weather xml" name="And param username = \&apos;ozzie100\&apos;" time="0"/>
  <testcase classname="Scenario: Fifth Scenario - Weather xml" name="When method get" time="0"/>
  <testcase classname="Scenario: Fifth Scenario - Weather xml" name="Then status 200" time="0"/>
  <testcase classname="Scenario: Fifth Scenario - Weather xml" name="Then match response.geonames.observation[*].stationName contains \&apos;HALF MOON BAY\&apos;" time="0.001">
    <error message="path: $.geonames.observation[*].stationName[*], actual: [&quot;MADISONVILLE&quot;,&quot;QUINCY&quot;,&quot;WRAY&quot;,&quot;SCOTTSBORO&quot;,&quot;CORNING&quot;,&quot;BUENA VISTA&quot;,&quot;Hopkins Field&quot;,&quot;AIKEN&quot;,&quot;Blake Field&quot;,&quot;SALIDA&quot;], expected: &apos;HALF MOON BAY&apos;, reason: actual value does not contain expected" type="com.intuit.karate.exception.KarateException">com.intuit.karate.exception.KarateException: path: $.geonames.observation[*].stationName[*], actual: [&quot;MADISONVILLE&quot;,&quot;QUINCY&quot;,&quot;WRAY&quot;,&quot;SCOTTSBORO&quot;,&quot;CORNING&quot;,&quot;BUENA VISTA&quot;,&quot;Hopkins Field&quot;,&quot;AIKEN&quot;,&quot;Blake Field&quot;,&quot;SALIDA&quot;], expected: &apos;HALF MOON BAY&apos;, reason: actual value does not contain expected
	at com.intuit.karate.StepDefs.matchNamed(StepDefs.java:540)
	at com.intuit.karate.StepDefs.matchContains(StepDefs.java:532)
	at ✽.Then match response.geonames.observation[*].stationName contains &apos;HALF MOON BAY&apos;(demo/features/geonames.feature:71)
</error>
    <system-out>15:23:12.489 [main] ERROR com.intuit.karate - assertion failed: path: $.geonames.observation[*].stationName[*], actual: [&quot;MADISONVILLE&quot;,&quot;QUINCY&quot;,&quot;WRAY&quot;,&quot;SCOTTSBORO&quot;,&quot;CORNING&quot;,&quot;BUENA VISTA&quot;,&quot;Hopkins Field&quot;,&quot;AIKEN&quot;,&quot;Blake Field&quot;,&quot;SALIDA&quot;], expected: &apos;HALF MOON BAY&apos;, reason: actual value does not contain expected
</system-out>
  </testcase>
  <testcase classname="Scenario: Fifth Scenario - Weather xml" name="Scenario: Fifth Scenario - Weather xml" time="0.001">
    <error message="path: $.geonames.observation[*].stationName[*], actual: [&quot;MADISONVILLE&quot;,&quot;QUINCY&quot;,&quot;WRAY&quot;,&quot;SCOTTSBORO&quot;,&quot;CORNING&quot;,&quot;BUENA VISTA&quot;,&quot;Hopkins Field&quot;,&quot;AIKEN&quot;,&quot;Blake Field&quot;,&quot;SALIDA&quot;], expected: &apos;HALF MOON BAY&apos;, reason: actual value does not contain expected" type="com.intuit.karate.exception.KarateException">com.intuit.karate.exception.KarateException: path: $.geonames.observation[*].stationName[*], actual: [&quot;MADISONVILLE&quot;,&quot;QUINCY&quot;,&quot;WRAY&quot;,&quot;SCOTTSBORO&quot;,&quot;CORNING&quot;,&quot;BUENA VISTA&quot;,&quot;Hopkins Field&quot;,&quot;AIKEN&quot;,&quot;Blake Field&quot;,&quot;SALIDA&quot;], expected: &apos;HALF MOON BAY&apos;, reason: actual value does not contain expected
	at com.intuit.karate.StepDefs.matchNamed(StepDefs.java:540)
	at com.intuit.karate.StepDefs.matchContains(StepDefs.java:532)
	at ✽.Then match response.geonames.observation[*].stationName contains &apos;HALF MOON BAY&apos;(demo/features/geonames.feature:71)
</error>
  </testcase>
  <testcase classname="Scenario: Fifth Scenario - Weather xml" name="* print \&apos;response:\&apos;\u002C response" time="0.001">
    <skipped/>
  </testcase>
  <testcase classname="Scenario: First Test" name="* configure ssl = true" time="0"/>
  <testcase classname="Scenario: First Test" name="Given url \&apos;https:\/\/api.cascade1.seed-innovations.net\/api\&apos;" time="0"/>
  <testcase classname="Scenario: First Test" name="And header Authorization = \&apos;Bearer \&apos; + myTOKEN" time="0"/>
  <testcase classname="Scenario: First Test" name="When method get" time="0"/>
  <testcase classname="Scenario: First Test" name="Then status 200" time="0"/>
  <testcase classname="Scenario: First Test" name="* print \&apos;response:\&apos;\u002C response" time="0"/>
  <testcase classname="Scenario: First Test" name="Given url \&apos;https:\/\/api.cascade1.seed-innovations.net\/api\/v1\&apos;" time="0"/>
  <testcase classname="Scenario: First Test" name="And header Authorization = \&apos;Bearer \&apos; + myTOKEN" time="0"/>
  <testcase classname="Scenario: First Test" name="When method get" time="0"/>
  <testcase classname="Scenario: First Test" name="Then status 200" time="0"/>
  <testcase classname="Scenario: First Test" name="* print \&apos;response:\&apos;\u002C response" time="0"/>
  <testcase classname="Scenario: First Test" name="Given url \&apos;https:\/\/api.cascade1.seed-innovations.net\/api\/v1\/resources\&apos;" time="0"/>
  <testcase classname="Scenario: First Test" name="And header Authorization = \&apos;Bearer \&apos; + myTOKEN" time="0.001"/>
  <testcase classname="Scenario: First Test" name="When method get" time="0"/>
  <testcase classname="Scenario: First Test" name="Then status 403" time="0"/>
  <testcase classname="Scenario: First Test" name="* print \&apos;response:\&apos;\u002C response" time="0"/>
  <testcase classname="Scenario: First Test" name="Scenario: First Test" time="0.004"/>
</testsuite>